Unity Editor version:    2021.3.2f1 (d6360bedb9a0)
Branch:                  2021.3/staging
Build type:              Release
Batch mode:              YES
macOS version:           Version 10.14.6 (Build 18G9323)
Darwin version:          18.7.0
Architecture:            x86_64
Running under Rosetta:   NO
Available memory:        16384 MB
Using pre-set license
Pro License: YES

COMMAND LINE ARGUMENTS:
/Applications/Unity/Hub/Editor/2021.3.2f1/Unity.app/Contents/MacOS/Unity
-adb2
-batchMode
-noUpm
-name
AssetImportWorker4
-projectPath
/Users/jeff/Desktop/Unity Fundamentals
-logFile
Logs/AssetImportWorker4.log
-srvPort
57455
Successfully changed project path to: /Users/jeff/Desktop/Unity Fundamentals
/Users/jeff/Desktop/Unity Fundamentals
[UnityMemory] Configuration Parameters - Can be set up in boot.config
    "memorysetup-bucket-allocator-granularity=16"
    "memorysetup-bucket-allocator-bucket-count=8"
    "memorysetup-bucket-allocator-block-size=33554432"
    "memorysetup-bucket-allocator-block-count=8"
    "memorysetup-main-allocator-block-size=16777216"
    "memorysetup-thread-allocator-block-size=16777216"
    "memorysetup-gfx-main-allocator-block-size=16777216"
    "memorysetup-gfx-thread-allocator-block-size=16777216"
    "memorysetup-cache-allocator-block-size=4194304"
    "memorysetup-typetree-allocator-block-size=2097152"
    "memorysetup-profiler-bucket-allocator-granularity=16"
    "memorysetup-profiler-bucket-allocator-bucket-count=8"
    "memorysetup-profiler-bucket-allocator-block-size=33554432"
    "memorysetup-profiler-bucket-allocator-block-count=8"
    "memorysetup-profiler-allocator-block-size=16777216"
    "memorysetup-profiler-editor-allocator-block-size=1048576"
    "memorysetup-temp-allocator-size-main=16777216"
    "memorysetup-job-temp-allocator-block-size=2097152"
    "memorysetup-job-temp-allocator-block-size-background=1048576"
    "memorysetup-job-temp-allocator-reduction-small-platforms=262144"
    "memorysetup-temp-allocator-size-background-worker=32768"
    "memorysetup-temp-allocator-size-job-worker=262144"
    "memorysetup-temp-allocator-size-preload-manager=33554432"
    "memorysetup-temp-allocator-size-nav-mesh-worker=65536"
    "memorysetup-temp-allocator-size-audio-worker=65536"
    "memorysetup-temp-allocator-size-cloud-worker=32768"
    "memorysetup-temp-allocator-size-gi-baking-worker=262144"
    "memorysetup-temp-allocator-size-gfx=262144"
Refreshing native plugins compatible for Editor in 72.40 ms, found 2 plugins.
Preloading 0 native plugins for Editor in 0.00 ms.
Initialize engine version: 2021.3.2f1 (d6360bedb9a0)
[Subsystems] Discovering subsystems at path /Applications/Unity/Hub/Editor/2021.3.2f1/Unity.app/Contents/Resources/UnitySubsystems
[Subsystems] Discovering subsystems at path /Users/jeff/Desktop/Unity Fundamentals/Assets
GfxDevice: creating device client; threaded=0; jobified=0
Color LCD preferred device: AMD Radeon Pro 555X (high power)
Metal devices available: 2
0: AMD Radeon Pro 555X (high power)
1: Intel(R) UHD Graphics 630 (low power)
Using device AMD Radeon Pro 555X (high power)
Initializing Metal device caps: AMD Radeon Pro 555X
Initialize mono
Mono path[0] = '/Applications/Unity/Hub/Editor/2021.3.2f1/Unity.app/Contents/Managed'
Mono path[1] = '/Applications/Unity/Hub/Editor/2021.3.2f1/Unity.app/Contents/MonoBleedingEdge/lib/mono/unityjit-macos'
Mono config path = '/Applications/Unity/Hub/Editor/2021.3.2f1/Unity.app/Contents/MonoBleedingEdge/etc'
Using monoOptions --debugger-agent=transport=dt_socket,embedding=1,server=y,suspend=n,address=127.0.0.1:56697
Begin MonoManager ReloadAssembly
Registering precompiled unity dll's ...
Register platform support module: /Applications/Unity/Hub/Editor/2021.3.2f1/Unity.app/Contents/PlaybackEngines/MacStandaloneSupport/UnityEditor.OSXStandalone.Extensions.dll
Registered in 0.000722 seconds.
Native extension for OSXStandalone target not found
Refreshing native plugins compatible for Editor in 59.68 ms, found 2 plugins.
Preloading 0 native plugins for Editor in 0.00 ms.
Mono: successfully reloaded assembly
- Completed reload, in  0.820 seconds
Domain Reload Profiling:
	ReloadAssembly (821ms)
		BeginReloadAssembly (76ms)
			ExecutionOrderSort (0ms)
			DisableScriptedObjects (0ms)
			BackupInstance (0ms)
			ReleaseScriptingObjects (0ms)
			CreateAndSetChildDomain (1ms)
		EndReloadAssembly (589ms)
			LoadAssemblies (75ms)
			RebuildTransferFunctionScriptingTraits (0ms)
			SetupTypeCache (165ms)
			ReleaseScriptCaches (0ms)
			RebuildScriptCaches (42ms)
			SetupLoadedEditorAssemblies (318ms)
				LogAssemblyErrors (0ms)
				InitializePlatformSupportModulesInManaged (8ms)
				SetLoadedEditorAssemblies (0ms)
				RefreshPlugins (60ms)
				BeforeProcessingInitializeOnLoad (2ms)
				ProcessInitializeOnLoadAttributes (191ms)
				ProcessInitializeOnLoadMethodAttributes (58ms)
				AfterProcessingInitializeOnLoad (0ms)
				EditorAssembliesLoaded (0ms)
			ExecutionOrderSort2 (0ms)
			AwakeInstancesAfterBackupRestoration (0ms)
Platform modules already initialized, skipping
Registering precompiled user dll's ...
Registered in 0.001839 seconds.
Begin MonoManager ReloadAssembly
Native extension for OSXStandalone target not found
Refreshing native plugins compatible for Editor in 0.83 ms, found 2 plugins.
Preloading 0 native plugins for Editor in 0.00 ms.
Package Manager log level set to [2]
Mono: successfully reloaded assembly
- Completed reload, in  1.706 seconds
Domain Reload Profiling:
	ReloadAssembly (1707ms)
		BeginReloadAssembly (137ms)
			ExecutionOrderSort (0ms)
			DisableScriptedObjects (8ms)
			BackupInstance (0ms)
			ReleaseScriptingObjects (0ms)
			CreateAndSetChildDomain (38ms)
		EndReloadAssembly (1394ms)
			LoadAssemblies (88ms)
			RebuildTransferFunctionScriptingTraits (0ms)
			SetupTypeCache (301ms)
			ReleaseScriptCaches (1ms)
			RebuildScriptCaches (83ms)
			SetupLoadedEditorAssemblies (857ms)
				LogAssemblyErrors (0ms)
				InitializePlatformSupportModulesInManaged (5ms)
				SetLoadedEditorAssemblies (1ms)
				RefreshPlugins (1ms)
				BeforeProcessingInitializeOnLoad (83ms)
				ProcessInitializeOnLoadAttributes (605ms)
				ProcessInitializeOnLoadMethodAttributes (161ms)
				AfterProcessingInitializeOnLoad (1ms)
				EditorAssembliesLoaded (0ms)
			ExecutionOrderSort2 (0ms)
			AwakeInstancesAfterBackupRestoration (5ms)
Platform modules already initialized, skipping
========================================================================
Worker process is ready to serve import requests
Launching external process: /Applications/Unity/Hub/Editor/2021.3.2f1/Unity.app/Contents/Tools/UnityShaderCompiler
Launched and connected shader compiler UnityShaderCompiler after 0.02 seconds
Refreshing native plugins compatible for Editor in 0.79 ms, found 2 plugins.
Preloading 0 native plugins for Editor in 0.00 ms.
Unloading 3052 Unused Serialized files (Serialized files now loaded: 0)
Unloading 199 unused Assets / (1.4 MB). Loaded Objects now: 3465.
Memory consumption went from 235.1 MB to 233.6 MB.
Total: 9.736263 ms (FindLiveObjects: 0.297856 ms CreateObjectMapping: 0.215155 ms MarkObjects: 8.452077 ms  DeleteObjects: 0.769878 ms)

AssetImportParameters requested are different than current active one (requested -> active):
  custom:video-decoder-ogg-theora: a1e56fd34408186e4bbccfd4996cb3dc -> 
  custom:container-muxer-webm: aa71ff27fc2769a1b78a27578f13a17b -> 
  custom:container-demuxer-webm: 4f35f7cbe854078d1ac9338744f61a02 -> 
  custom:video-encoder-webm-vp8: eb34c28f22e8b96e1ab97ce403110664 -> 
  custom:framework-osx-AVFoundation: b23960f63f64bdc6ff669e2cdcee2391 -> 
  custom:audio-encoder-webm-vorbis: bf7c407c2cedff20999df2af8eb42d56 -> 
  custom:container-demuxer-ogg: 62fdf1f143b41e24485cea50d1cbac27 -> 
  custom:video-decoder-webm-vp8: 9c59270c3fd7afecdb556c50c9e8de78 -> 
  custom:audio-decoder-ogg-vorbis: bf7c407c2cedff20999df2af8eb42d56 -> 
========================================================================
Received Import Request.
  Time since last request: 853688.755077 seconds.
  path: Assets/Models/Hero/Hero.prefab
  artifactKey: Guid(dd51aa0141228c3478f60d3fe5ba00eb) Importer(815301076,1909f56bfc062723c751e8b465ee728b)
Start importing Assets/Models/Hero/Hero.prefab using Guid(dd51aa0141228c3478f60d3fe5ba00eb) Importer(815301076,1909f56bfc062723c751e8b465ee728b)  -> (artifact id: 'fcd133575329bd09b2cb9836a71d2447') in 0.528064 seconds 
========================================================================
Received Import Request.
  Time since last request: 45.705861 seconds.
  path: Assets/Models/NPC/BatGoblin.prefab
  artifactKey: Guid(ef613d77160d9a24f891c787d244dd90) Importer(815301076,1909f56bfc062723c751e8b465ee728b)
Start importing Assets/Models/NPC/BatGoblin.prefab using Guid(ef613d77160d9a24f891c787d244dd90) Importer(815301076,1909f56bfc062723c751e8b465ee728b)  -> (artifact id: 'cd710b4c3fa3d182412fc096f0ad29f0') in 0.025151 seconds 
========================================================================
Received Import Request.
  Time since last request: 14.816083 seconds.
  path: Assets/Models/Hero/Models
  artifactKey: Guid(f5dd0741ef831d14b83668a5ff51ada8) Importer(815301076,1909f56bfc062723c751e8b465ee728b)
Start importing Assets/Models/Hero/Models using Guid(f5dd0741ef831d14b83668a5ff51ada8) Importer(815301076,1909f56bfc062723c751e8b465ee728b)  -> (artifact id: '74909fe8c17adba08f460a3833c2eaa1') in 0.002286 seconds 
========================================================================
Received Import Request.
  Time since last request: 36.327803 seconds.
  path: Assets/ProBuilder Data/ProBuilderPreferences.asset
  artifactKey: Guid(cab7f989b912e2f4eb835ce4bc7f4923) Importer(815301076,1909f56bfc062723c751e8b465ee728b)
Start importing Assets/ProBuilder Data/ProBuilderPreferences.asset using Guid(cab7f989b912e2f4eb835ce4bc7f4923) Importer(815301076,1909f56bfc062723c751e8b465ee728b)  -> (artifact id: '2a8e3aa293f9ffe3f5a90eb0557994b8') in 0.230789 seconds 
========================================================================
Received Import Request.
  Time since last request: 19.151860 seconds.
  path: Assets/Models/Hero/Models/Hero/FBX
  artifactKey: Guid(09e2f9829b99e64498f7046e4689c5f6) Importer(815301076,1909f56bfc062723c751e8b465ee728b)
Start importing Assets/Models/Hero/Models/Hero/FBX using Guid(09e2f9829b99e64498f7046e4689c5f6) Importer(815301076,1909f56bfc062723c751e8b465ee728b)  -> (artifact id: '9f640d2dae496285e41062664b6068ea') in 0.001708 seconds 
========================================================================
Received Import Request.
  Time since last request: 0.076062 seconds.
  path: Assets/Models/Hero/Models/Hero/FBX/anm_DwarfHero_Attack01.fbx
  artifactKey: Guid(f4d79ef96609c95428ea88ad2162473f) Importer(815301076,1909f56bfc062723c751e8b465ee728b)
Start importing Assets/Models/Hero/Models/Hero/FBX/anm_DwarfHero_Attack01.fbx using Guid(f4d79ef96609c95428ea88ad2162473f) Importer(815301076,1909f56bfc062723c751e8b465ee728b)  -> (artifact id: '22b85c9156931b6e4ace481768b47050') in 0.512331 seconds 
========================================================================
Received Import Request.
  Time since last request: 0.000047 seconds.
  path: Assets/Models/Hero/Models/Hero/FBX/Hero_Body_Mat.mat
  artifactKey: Guid(87a5514642f3824478e83719113d5b0c) Importer(815301076,1909f56bfc062723c751e8b465ee728b)
Start importing Assets/Models/Hero/Models/Hero/FBX/Hero_Body_Mat.mat using Guid(87a5514642f3824478e83719113d5b0c) Importer(815301076,1909f56bfc062723c751e8b465ee728b)  -> (artifact id: 'd830283c6ab93c6d0b62b4cc5d49df3e') in 0.330925 seconds 
========================================================================
Received Import Request.
  Time since last request: 0.000063 seconds.
  path: Assets/Models/Hero/Models/Hero/FBX/Hero_Armor_Mat.mat
  artifactKey: Guid(013c3863e93063b42a8cf93a1b38b630) Importer(815301076,1909f56bfc062723c751e8b465ee728b)
Start importing Assets/Models/Hero/Models/Hero/FBX/Hero_Armor_Mat.mat using Guid(013c3863e93063b42a8cf93a1b38b630) Importer(815301076,1909f56bfc062723c751e8b465ee728b)  -> (artifact id: '40472b0ba905d4e524f17ce05be79012') in 0.043884 seconds 
========================================================================
Received Import Request.
  Time since last request: 0.000089 seconds.
  path: Assets/Models/Hero/Models/Hero/FBX/anm_dwarfHero_run.fbx
  artifactKey: Guid(4c7203fc0cd7d394eb3bffd0a57966d0) Importer(815301076,1909f56bfc062723c751e8b465ee728b)
Start importing Assets/Models/Hero/Models/Hero/FBX/anm_dwarfHero_run.fbx using Guid(4c7203fc0cd7d394eb3bffd0a57966d0) Importer(815301076,1909f56bfc062723c751e8b465ee728b)  -> (artifact id: 'e1abbd7bfe9a8fef3588a7e594926f49') in 0.033257 seconds 
========================================================================
Received Prepare
Registering precompiled user dll's ...
Registered in 0.001771 seconds.
Begin MonoManager ReloadAssembly
Native extension for OSXStandalone target not found
Refreshing native plugins compatible for Editor in 0.76 ms, found 2 plugins.
Preloading 0 native plugins for Editor in 0.00 ms.
Mono: successfully reloaded assembly
- Completed reload, in  1.712 seconds
Domain Reload Profiling:
	ReloadAssembly (1713ms)
		BeginReloadAssembly (171ms)
			ExecutionOrderSort (0ms)
			DisableScriptedObjects (8ms)
			BackupInstance (0ms)
			ReleaseScriptingObjects (0ms)
			CreateAndSetChildDomain (72ms)
		EndReloadAssembly (1411ms)
			LoadAssemblies (76ms)
			RebuildTransferFunctionScriptingTraits (0ms)
			SetupTypeCache (296ms)
			ReleaseScriptCaches (2ms)
			RebuildScriptCaches (86ms)
			SetupLoadedEditorAssemblies (877ms)
				LogAssemblyErrors (0ms)
				InitializePlatformSupportModulesInManaged (11ms)
				SetLoadedEditorAssemblies (1ms)
				RefreshPlugins (1ms)
				BeforeProcessingInitializeOnLoad (82ms)
				ProcessInitializeOnLoadAttributes (591ms)
				ProcessInitializeOnLoadMethodAttributes (190ms)
				AfterProcessingInitializeOnLoad (2ms)
				EditorAssembliesLoaded (0ms)
			ExecutionOrderSort2 (0ms)
			AwakeInstancesAfterBackupRestoration (7ms)
Platform modules already initialized, skipping
Refreshing native plugins compatible for Editor in 3.62 ms, found 2 plugins.
Preloading 0 native plugins for Editor in 0.00 ms.
Unloading 2988 Unused Serialized files (Serialized files now loaded: 0)
Unloading 64 unused Assets / (1.4 MB). Loaded Objects now: 3511.
Memory consumption went from 263.9 MB to 262.5 MB.
Total: 10.833141 ms (FindLiveObjects: 0.388514 ms CreateObjectMapping: 0.299723 ms MarkObjects: 9.690082 ms  DeleteObjects: 0.452867 ms)

AssetImportParameters requested are different than current active one (requested -> active):
  custom:video-decoder-ogg-theora: a1e56fd34408186e4bbccfd4996cb3dc -> 
  custom:container-muxer-webm: aa71ff27fc2769a1b78a27578f13a17b -> 
  custom:container-demuxer-webm: 4f35f7cbe854078d1ac9338744f61a02 -> 
  custom:video-encoder-webm-vp8: eb34c28f22e8b96e1ab97ce403110664 -> 
  custom:framework-osx-AVFoundation: b23960f63f64bdc6ff669e2cdcee2391 -> 
  custom:audio-encoder-webm-vorbis: bf7c407c2cedff20999df2af8eb42d56 -> 
  custom:container-demuxer-ogg: 62fdf1f143b41e24485cea50d1cbac27 -> 
  custom:video-decoder-webm-vp8: 9c59270c3fd7afecdb556c50c9e8de78 -> 
  custom:audio-decoder-ogg-vorbis: bf7c407c2cedff20999df2af8eb42d56 -> 
========================================================================
Received Import Request.
  Time since last request: 595.306362 seconds.
  path: Assets/Animations/Hero_Alt.controller
  artifactKey: Guid(f1d408dbd0e4b6d4c910859e3f845c15) Importer(815301076,1909f56bfc062723c751e8b465ee728b)
Start importing Assets/Animations/Hero_Alt.controller using Guid(f1d408dbd0e4b6d4c910859e3f845c15) Importer(815301076,1909f56bfc062723c751e8b465ee728b)  -> (artifact id: '4003bd6999f218d51ec9c2ebedb7a151') in 0.254092 seconds 
========================================================================
Received Import Request.
  Time since last request: 41.140780 seconds.
  path: Assets/Animations
  artifactKey: Guid(0591c2f876bd468469cd36d73b9ec43c) Importer(815301076,1909f56bfc062723c751e8b465ee728b)
Start importing Assets/Animations using Guid(0591c2f876bd468469cd36d73b9ec43c) Importer(815301076,1909f56bfc062723c751e8b465ee728b)  -> (artifact id: '8f7a0e12526d1bc8433334e9ea393992') in 0.001667 seconds 
========================================================================
Received Import Request.
  Time since last request: 128.230780 seconds.
  path: Assets/Scripts/PlayerController.cs
  artifactKey: Guid(ae996533890877f4ba9e37afc6f7f8b5) Importer(815301076,1909f56bfc062723c751e8b465ee728b)
Start importing Assets/Scripts/PlayerController.cs using Guid(ae996533890877f4ba9e37afc6f7f8b5) Importer(815301076,1909f56bfc062723c751e8b465ee728b)  -> (artifact id: '60079920e616db316ea0cb36e5c1b357') in 0.221558 seconds 
========================================================================
Received Import Request.
  Time since last request: 560.049294 seconds.
  path: Assets/Animations/NPC_Alt.controller
  artifactKey: Guid(714bfbb028fee4332a3587701c807f37) Importer(815301076,1909f56bfc062723c751e8b465ee728b)
Start importing Assets/Animations/NPC_Alt.controller using Guid(714bfbb028fee4332a3587701c807f37) Importer(815301076,1909f56bfc062723c751e8b465ee728b)  -> (artifact id: '5d3c46ca46f0038d38661f1773e5a1da') in 0.002915 seconds 
========================================================================
Received Import Request.
  Time since last request: 121.326642 seconds.
  path: Assets/Cursors/doorway.png
  artifactKey: Guid(a06d88d518d8d4241a59f13f4894fb93) Importer(815301076,1909f56bfc062723c751e8b465ee728b)
Start importing Assets/Cursors/doorway.png using Guid(a06d88d518d8d4241a59f13f4894fb93) Importer(815301076,1909f56bfc062723c751e8b465ee728b)  -> (artifact id: 'cb58c74d71f18a2ca9f0786e6b5de062') in 0.296761 seconds 
========================================================================
Received Import Request.
  Time since last request: 0.000058 seconds.
  path: Assets/Cursors/sword.png
  artifactKey: Guid(4e0a0d5cfc449e54fa63d7d11b836b25) Importer(815301076,1909f56bfc062723c751e8b465ee728b)
Start importing Assets/Cursors/sword.png using Guid(4e0a0d5cfc449e54fa63d7d11b836b25) Importer(815301076,1909f56bfc062723c751e8b465ee728b)  -> (artifact id: 'e2f8d9b4b8645b07230fb2084549ec92') in 0.014441 seconds 
========================================================================
Received Import Request.
  Time since last request: 0.000061 seconds.
  path: Assets/Cursors/target.png
  artifactKey: Guid(64bc6e430654c2546ba564112b3c2b8a) Importer(815301076,1909f56bfc062723c751e8b465ee728b)
Start importing Assets/Cursors/target.png using Guid(64bc6e430654c2546ba564112b3c2b8a) Importer(815301076,1909f56bfc062723c751e8b465ee728b)  -> (artifact id: '3aa97e67ce8b7f9eec06c290af0839c6') in 0.015102 seconds 
========================================================================
Received Import Request.
  Time since last request: 1.579268 seconds.
  path: Assets/Audio/ForestNight_Amb_Lp.wav
  artifactKey: Guid(595e0722fac8ede48af3c1d1c84b4249) Importer(815301076,1909f56bfc062723c751e8b465ee728b)
Start importing Assets/Audio/ForestNight_Amb_Lp.wav using Guid(595e0722fac8ede48af3c1d1c84b4249) Importer(815301076,1909f56bfc062723c751e8b465ee728b)  -> (artifact id: '576342d5b900ca8cb771c34c72558461') in 0.421645 seconds 
========================================================================
Received Import Request.
  Time since last request: 0.101642 seconds.
  path: Assets/Gizmos/NavMeshLink Icon.png
  artifactKey: Guid(92f4afa3e25264f5b964937ccea49ff2) Importer(815301076,1909f56bfc062723c751e8b465ee728b)
Start importing Assets/Gizmos/NavMeshLink Icon.png using Guid(92f4afa3e25264f5b964937ccea49ff2) Importer(815301076,1909f56bfc062723c751e8b465ee728b)  -> (artifact id: '948d82d40d235664c6c1a7c4221bc5e1') in 0.013205 seconds 
========================================================================
Received Import Request.
  Time since last request: 0.000055 seconds.
  path: Assets/Gizmos/NavMeshSurface Icon.png
  artifactKey: Guid(e4f97225bcfb64760a1c81f460837f01) Importer(815301076,1909f56bfc062723c751e8b465ee728b)
Start importing Assets/Gizmos/NavMeshSurface Icon.png using Guid(e4f97225bcfb64760a1c81f460837f01) Importer(815301076,1909f56bfc062723c751e8b465ee728b)  -> (artifact id: '596a75415b30660a817d3fb5ce61a9fb') in 0.016341 seconds 
========================================================================
Received Import Request.
  Time since last request: 3.739989 seconds.
  path: Assets/Models/NPC
  artifactKey: Guid(60e20686ea27a12419b7b1b9ff1cb6ac) Importer(815301076,1909f56bfc062723c751e8b465ee728b)
Start importing Assets/Models/NPC using Guid(60e20686ea27a12419b7b1b9ff1cb6ac) Importer(815301076,1909f56bfc062723c751e8b465ee728b)  -> (artifact id: '4b44d0225bf3addafd98f390b0ada075') in 0.000999 seconds 
========================================================================
Received Import Request.
  Time since last request: 3.451583 seconds.
  path: Assets/Models/NPC/BatGoblin.controller
  artifactKey: Guid(8ea2f5219a8555144a470d09d2477d9b) Importer(815301076,1909f56bfc062723c751e8b465ee728b)
Start importing Assets/Models/NPC/BatGoblin.controller using Guid(8ea2f5219a8555144a470d09d2477d9b) Importer(815301076,1909f56bfc062723c751e8b465ee728b)  -> (artifact id: '6e8b0558d43de4ffef55944cf98200b3') in 0.002691 seconds 
========================================================================
Received Import Request.
  Time since last request: 26.649527 seconds.
  path: Assets/Models/Hero/Hero.controller
  artifactKey: Guid(2bd5b0a6dcbfdf34488f14adbf312af4) Importer(815301076,1909f56bfc062723c751e8b465ee728b)
Start importing Assets/Models/Hero/Hero.controller using Guid(2bd5b0a6dcbfdf34488f14adbf312af4) Importer(815301076,1909f56bfc062723c751e8b465ee728b)  -> (artifact id: '807b2b82e7e00b72756e4a586454dfdc') in 0.002519 seconds 
========================================================================
Received Import Request.
  Time since last request: 83.455076 seconds.
  path: Assets/Models/NPC/Models/BatGoblin/FBX/BatGoblin_Low.fbx
  artifactKey: Guid(99aa640a28b305c4c837462be967ab26) Importer(815301076,1909f56bfc062723c751e8b465ee728b)
Start importing Assets/Models/NPC/Models/BatGoblin/FBX/BatGoblin_Low.fbx using Guid(99aa640a28b305c4c837462be967ab26) Importer(815301076,1909f56bfc062723c751e8b465ee728b)  -> (artifact id: 'cc77ab22387dbaa1ccc48306dabba061') in 0.085766 seconds 
========================================================================
Received Import Request.
  Time since last request: 0.000062 seconds.
  path: Assets/Models/NPC/Models/BatGoblin/FBX/goblin_hair.mat
  artifactKey: Guid(b056a6d1c8b0c6a4caf19ee8aba7884d) Importer(815301076,1909f56bfc062723c751e8b465ee728b)
Start importing Assets/Models/NPC/Models/BatGoblin/FBX/goblin_hair.mat using Guid(b056a6d1c8b0c6a4caf19ee8aba7884d) Importer(815301076,1909f56bfc062723c751e8b465ee728b)  -> (artifact id: '737084fab8cf608c02940b833030dbcb') in 0.038879 seconds 
========================================================================
Received Import Request.
  Time since last request: 0.000069 seconds.
  path: Assets/Models/NPC/Models/BatGoblin/FBX/goblin_clothes.mat
  artifactKey: Guid(2503f12759a819341bff56e58e623a87) Importer(815301076,1909f56bfc062723c751e8b465ee728b)
Start importing Assets/Models/NPC/Models/BatGoblin/FBX/goblin_clothes.mat using Guid(2503f12759a819341bff56e58e623a87) Importer(815301076,1909f56bfc062723c751e8b465ee728b)  -> (artifact id: 'db4dc9fa43186e0d5956241fbcacb596') in 0.021201 seconds 
========================================================================
Received Import Request.
  Time since last request: 0.000054 seconds.
  path: Assets/Models/NPC/Models/BatGoblin/FBX/goblin_body.mat
  artifactKey: Guid(25aea6992f5ce4d45bcf78695f572e44) Importer(815301076,1909f56bfc062723c751e8b465ee728b)
Start importing Assets/Models/NPC/Models/BatGoblin/FBX/goblin_body.mat using Guid(25aea6992f5ce4d45bcf78695f572e44) Importer(815301076,1909f56bfc062723c751e8b465ee728b)  -> (artifact id: '447a002ca2aa4c6567543224c5189706') in 0.019234 seconds 
Editor requested this worker to shutdown with reason: Scaling down because of idle timeout
AssetImportWorker is now disconnected from the server
Process exiting
